E:\svn_project\AuEngine\bin\Debug\Lua\cl.command.1.tlog
E:\svn_project\AuEngine\bin\Debug\Lua\CL.read.1.tlog
E:\svn_project\AuEngine\bin\Debug\Lua\CL.write.1.tlog
E:\SVN_PROJECT\AUENGINE\BIN\DEBUG\LUA\LAPI.OBJ
E:\SVN_PROJECT\AUENGINE\BIN\DEBUG\LUA\LAUXLIB.OBJ
E:\SVN_PROJECT\AUENGINE\BIN\DEBUG\LUA\LBASELIB.OBJ
E:\SVN_PROJECT\AUENGINE\BIN\DEBUG\LUA\LCODE.OBJ
E:\SVN_PROJECT\AUENGINE\BIN\DEBUG\LUA\LDBLIB.OBJ
E:\SVN_PROJECT\AUENGINE\BIN\DEBUG\LUA\LDEBUG.OBJ
E:\SVN_PROJECT\AUENGINE\BIN\DEBUG\LUA\LDO.OBJ
E:\SVN_PROJECT\AUENGINE\BIN\DEBUG\LUA\LDUMP.OBJ
E:\SVN_PROJECT\AUENGINE\BIN\DEBUG\LUA\LFUNC.OBJ
E:\SVN_PROJECT\AUENGINE\BIN\DEBUG\LUA\LGC.OBJ
E:\svn_project\AuEngine\bin\Debug\Lua\lib.command.1.tlog
E:\svn_project\AuEngine\bin\Debug\Lua\Lib-link.read.1.tlog
E:\svn_project\AuEngine\bin\Debug\Lua\Lib-link.write.1.tlog
E:\SVN_PROJECT\AUENGINE\BIN\DEBUG\LUA\LINIT.OBJ
E:\SVN_PROJECT\AUENGINE\BIN\DEBUG\LUA\LIOLIB.OBJ
E:\SVN_PROJECT\AUENGINE\BIN\DEBUG\LUA\LLEX.OBJ
E:\SVN_PROJECT\AUENGINE\BIN\DEBUG\LUA\LMATHLIB.OBJ
E:\SVN_PROJECT\AUENGINE\BIN\DEBUG\LUA\LMEM.OBJ
E:\SVN_PROJECT\AUENGINE\BIN\DEBUG\LUA\LOADLIB.OBJ
E:\SVN_PROJECT\AUENGINE\BIN\DEBUG\LUA\LOBJECT.OBJ
E:\SVN_PROJECT\AUENGINE\BIN\DEBUG\LUA\LOPCODES.OBJ
E:\SVN_PROJECT\AUENGINE\BIN\DEBUG\LUA\LOSLIB.OBJ
E:\SVN_PROJECT\AUENGINE\BIN\DEBUG\LUA\LPARSER.OBJ
E:\SVN_PROJECT\AUENGINE\BIN\DEBUG\LUA\LSTATE.OBJ
E:\SVN_PROJECT\AUENGINE\BIN\DEBUG\LUA\LSTRING.OBJ
E:\SVN_PROJECT\AUENGINE\BIN\DEBUG\LUA\LSTRLIB.OBJ
E:\SVN_PROJECT\AUENGINE\BIN\DEBUG\LUA\LTABLE.OBJ
E:\SVN_PROJECT\AUENGINE\BIN\DEBUG\LUA\LTABLIB.OBJ
E:\SVN_PROJECT\AUENGINE\BIN\DEBUG\LUA\LTM.OBJ
E:\SVN_PROJECT\AUENGINE\BIN\DEBUG\LUA\LUA.OBJ
E:\svn_project\AuEngine\bin\Debug\Lua\lua.write.1.tlog
E:\SVN_PROJECT\AUENGINE\BIN\DEBUG\LUA\LUAC.OBJ
E:\SVN_PROJECT\AUENGINE\BIN\DEBUG\LUA\LUNDUMP.OBJ
E:\SVN_PROJECT\AUENGINE\BIN\DEBUG\LUA\LVM.OBJ
E:\SVN_PROJECT\AUENGINE\BIN\DEBUG\LUA\LZIO.OBJ
E:\SVN_PROJECT\AUENGINE\BIN\DEBUG\LUA\PRINT.OBJ
E:\svn_project\AuEngine\bin\Debug\Lua\vc100.idb
E:\SVN_PROJECT\AUENGINE\BIN\DEBUG\LUA\VC100.PDB
E:\SVN_PROJECT\AUENGINE\DEP\LIB\LUA.LIB
E:\svn_project\AuEngine\Src\Lua\../../Dep/lib/lua.lib
