生成启动时间为 2015/3/18 星期三 16:18:30。
     1>项目“E:\svn_project\AuEngine\Src\Lua\lua.vcxproj”在节点 4 上(rebuild 个目标)。
     1>_PrepareForClean:
         正在删除文件“../../bin/Debug/Lua/lua.lastbuildstate”。
       InitializeBuildStatus:
         正在创建“../../bin/Debug/Lua/lua.unsuccessfulbuild”，因为已指定“AlwaysCreate”。
       ClCompile:
         d:\Program Files (x86)\Microsoft Visual Studio 10.0\VC\bin\CL.exe /c /I../../Src/Lua/include /Zi /nologo /W3 /WX- /Od /Oy- /D WIN32 /D _DEBUG /D _LIB /D _CRT_SECURE_NO_DEPRECATE /D _UNICODE /D UNICODE /Gm /EHsc /RTC1 /MDd /GS /fp:precise /Zc:wchar_t /Zc:forScope /Fo"../../bin/Debug/Lua/" /Fd"../../bin/Debug/Lua/vc100.pdb" /Gd /TC /analyze- /errorReport:prompt ..\..\Src\Lua\src\lapi.c ..\..\Src\Lua\src\lauxlib.c ..\..\Src\Lua\src\lbaselib.c ..\..\Src\Lua\src\lcode.c ..\..\Src\Lua\src\ldblib.c ..\..\Src\Lua\src\ldebug.c ..\..\Src\Lua\src\ldo.c ..\..\Src\Lua\src\ldump.c ..\..\Src\Lua\src\lfunc.c ..\..\Src\Lua\src\lgc.c ..\..\Src\Lua\src\linit.c ..\..\Src\Lua\src\liolib.c ..\..\Src\Lua\src\llex.c ..\..\Src\Lua\src\lmathlib.c ..\..\Src\Lua\src\lmem.c ..\..\Src\Lua\src\loadlib.c ..\..\Src\Lua\src\lobject.c ..\..\Src\Lua\src\lopcodes.c ..\..\Src\Lua\src\loslib.c ..\..\Src\Lua\src\lparser.c ..\..\Src\Lua\src\lstate.c ..\..\Src\Lua\src\lstring.c ..\..\Src\Lua\src\lstrlib.c ..\..\Src\Lua\src\ltable.c ..\..\Src\Lua\src\ltablib.c ..\..\Src\Lua\src\ltm.c ..\..\Src\Lua\src\lua.c ..\..\Src\Lua\src\luac.c ..\..\Src\Lua\src\lundump.c ..\..\Src\Lua\src\lvm.c ..\..\Src\Lua\src\lzio.c ..\..\Src\Lua\src\print.c
         print.c
         lzio.c
         lvm.c
         lundump.c
         luac.c
         lua.c
         ltm.c
         ltablib.c
         ltable.c
         lstrlib.c
         lstring.c
         lstate.c
         lparser.c
         loslib.c
         lopcodes.c
         lobject.c
         loadlib.c
         lmem.c
         lmathlib.c
         llex.c
         正在生成代码...
         正在编译...
         liolib.c
         linit.c
         lgc.c
         lfunc.c
         ldump.c
         ldo.c
         ldebug.c
         ldblib.c
         lcode.c
         lbaselib.c
         lauxlib.c
         lapi.c
         正在生成代码...
       Lib:
         d:\Program Files (x86)\Microsoft Visual Studio 10.0\VC\bin\Lib.exe /OUT:"../../Dep/lib/lua.lib" /NOLOGO ../../bin/Debug/Lua/lapi.obj
         ../../bin/Debug/Lua/lauxlib.obj
         ../../bin/Debug/Lua/lbaselib.obj
         ../../bin/Debug/Lua/lcode.obj
         ../../bin/Debug/Lua/ldblib.obj
         ../../bin/Debug/Lua/ldebug.obj
         ../../bin/Debug/Lua/ldo.obj
         ../../bin/Debug/Lua/ldump.obj
         ../../bin/Debug/Lua/lfunc.obj
         ../../bin/Debug/Lua/lgc.obj
         ../../bin/Debug/Lua/linit.obj
         ../../bin/Debug/Lua/liolib.obj
         ../../bin/Debug/Lua/llex.obj
         ../../bin/Debug/Lua/lmathlib.obj
         ../../bin/Debug/Lua/lmem.obj
         ../../bin/Debug/Lua/loadlib.obj
         ../../bin/Debug/Lua/lobject.obj
         ../../bin/Debug/Lua/lopcodes.obj
         ../../bin/Debug/Lua/loslib.obj
         ../../bin/Debug/Lua/lparser.obj
         ../../bin/Debug/Lua/lstate.obj
         ../../bin/Debug/Lua/lstring.obj
         ../../bin/Debug/Lua/lstrlib.obj
         ../../bin/Debug/Lua/ltable.obj
         ../../bin/Debug/Lua/ltablib.obj
         ../../bin/Debug/Lua/ltm.obj
         ../../bin/Debug/Lua/lua.obj
         ../../bin/Debug/Lua/luac.obj
         ../../bin/Debug/Lua/lundump.obj
         ../../bin/Debug/Lua/lvm.obj
         ../../bin/Debug/Lua/lzio.obj
         ../../bin/Debug/Lua/print.obj
     1>luac.obj : warning LNK4221: 此对象文件未定义任何之前未定义的公共符号，因此任何耗用此库的链接操作都不会使用此文件
         lua.vcxproj -> E:\svn_project\AuEngine\Src\Lua\../../Dep/lib/lua.lib
       FinalizeBuildStatus:
         正在删除文件“../../bin/Debug/Lua/lua.unsuccessfulbuild”。
         正在对“../../bin/Debug/Lua/lua.lastbuildstate”执行 Touch 任务。
     1>已完成生成项目“E:\svn_project\AuEngine\Src\Lua\lua.vcxproj”(rebuild 个目标)的操作。

生成成功。

已用时间 00:00:03.23
