E:\SVN_PROJECT\AUENGINE\BIN\DEBUG\SHARED\ATOMICBOOLEAN.OBJ
E:\SVN_PROJECT\AUENGINE\BIN\DEBUG\SHARED\ATOMICCOUNTER.OBJ
E:\SVN_PROJECT\AUENGINE\BIN\DEBUG\SHARED\ATOMICFLOAT.OBJ
E:\SVN_PROJECT\AUENGINE\BIN\DEBUG\SHARED\ATOMICULONG.OBJ
E:\SVN_PROJECT\AUENGINE\BIN\DEBUG\SHARED\CIRCULARBUFFER.OBJ
E:\svn_project\AuEngine\bin\Debug\Shared\cl.command.1.tlog
E:\svn_project\AuEngine\bin\Debug\Shared\CL.read.1.tlog
E:\svn_project\AuEngine\bin\Debug\Shared\CL.write.1.tlog
E:\SVN_PROJECT\AUENGINE\BIN\DEBUG\SHARED\CONDITIONVARIABLE.OBJ
E:\SVN_PROJECT\AUENGINE\BIN\DEBUG\SHARED\CRASHHANDLER.OBJ
E:\SVN_PROJECT\AUENGINE\BIN\DEBUG\SHARED\CREATEINTERFACE.OBJ
E:\SVN_PROJECT\AUENGINE\BIN\DEBUG\SHARED\CTHREADS.OBJ
E:\SVN_PROJECT\AUENGINE\BIN\DEBUG\SHARED\DATABASE.OBJ
E:\svn_project\AuEngine\bin\Debug\Shared\lib.command.1.tlog
E:\svn_project\AuEngine\bin\Debug\Shared\Lib-link.read.1.tlog
E:\svn_project\AuEngine\bin\Debug\Shared\Lib-link.write.1.tlog
E:\SVN_PROJECT\AUENGINE\BIN\DEBUG\SHARED\LOG.OBJ
E:\SVN_PROJECT\AUENGINE\BIN\DEBUG\SHARED\MERSENNETWISTER.OBJ
E:\SVN_PROJECT\AUENGINE\BIN\DEBUG\SHARED\MUTEX.OBJ
E:\SVN_PROJECT\AUENGINE\BIN\DEBUG\SHARED\MYSQLDATABASE.OBJ
E:\SVN_PROJECT\AUENGINE\BIN\DEBUG\SHARED\PERFORMANCECOUNTER.OBJ
E:\SVN_PROJECT\AUENGINE\BIN\DEBUG\SHARED\PRINTSTACKTRACE.OBJ
E:\svn_project\AuEngine\bin\Debug\Shared\Shared.vcxprojResolveAssemblyReference.cache
E:\svn_project\AuEngine\bin\Debug\Shared\Shared.write.1.tlog
E:\SVN_PROJECT\AUENGINE\BIN\DEBUG\SHARED\SOCKET.OBJ
E:\SVN_PROJECT\AUENGINE\BIN\DEBUG\SHARED\SOCKETLINUX.OBJ
E:\SVN_PROJECT\AUENGINE\BIN\DEBUG\SHARED\SOCKETMGRLINUX.OBJ
E:\SVN_PROJECT\AUENGINE\BIN\DEBUG\SHARED\SOCKETMGRWIN32.OBJ
E:\SVN_PROJECT\AUENGINE\BIN\DEBUG\SHARED\SOCKETOPSLINUX.OBJ
E:\SVN_PROJECT\AUENGINE\BIN\DEBUG\SHARED\SOCKETOPSWIN32.OBJ
E:\SVN_PROJECT\AUENGINE\BIN\DEBUG\SHARED\SOCKETWIN32.OBJ
E:\SVN_PROJECT\AUENGINE\BIN\DEBUG\SHARED\STACKWALKER.OBJ
E:\SVN_PROJECT\AUENGINE\BIN\DEBUG\SHARED\SYSINFO.OBJ
E:\SVN_PROJECT\AUENGINE\BIN\DEBUG\SHARED\THREADPOOL.OBJ
E:\SVN_PROJECT\AUENGINE\BIN\DEBUG\SHARED\UTIL.OBJ
E:\svn_project\AuEngine\bin\Debug\Shared\vc100.idb
E:\SVN_PROJECT\AUENGINE\BIN\DEBUG\SHARED\VC100.PDB
E:\SVN_PROJECT\AUENGINE\DEP\LIB\SHARED.LIB
E:\svn_project\AuEngine\Src\Shared\../../Dep/lib/Shared.lib
