Build started 2015/3/24 星期二 16:11:47.
     1>Project "E:\svn_project\AuEngine\linux\build\Memcache\MemCache.vcxproj" on node 3 (Build target(s)).
     1>PrepareForBuild:
         Creating directory "E:\svn_project\AuEngine\linux\build\Memcache\Debug\".
       InitializeBuildStatus:
         Creating "MemCache.dir\Debug\MemCache.unsuccessfulbuild" because "AlwaysCreate" was specified.
       CustomBuild:
         Building Custom Rule E:/svn_project/AuEngine/linux/Memcache/CMakeLists.txt
         CMake does not need to re-run because E:\svn_project\AuEngine\linux\build\Memcache\CMakeFiles\generate.stamp is up-to-date.
       ClCompile:
         D:\Program Files (x86)\Microsoft Visual Studio 11.0\VC\bin\CL.exe /c /IE:\svn_project\AuEngine\linux\..\Src\memcached /Zi /nologo /W3 /WX- /Od /Ob0 /Oy- /D WIN32 /D _WINDOWS /D _DEBUG /D X64 /D _CRT_SECURE_NO_WARNINGS /D HAVE_CONFIG_H /D "CONFDIR=\"\"" /D "PREFIX=\"\"" /D "CMAKE_INTDIR=\"Debug\"" /D _MBCS /Gm- /EHsc /RTC1 /MDd /GS /fp:precise /Zc:wchar_t /Zc:forScope /GR /Fo"MemCache.dir\Debug\\" /Fd"MemCache.dir\Debug\vc110.pdb" /Gd /TP /analyze- /errorReport:prompt  -bigobj E:\svn_project\AuEngine\Src\memcached\Matilda.cpp E:\svn_project\AuEngine\Src\memcached\MemCacheClient.cpp E:\svn_project\AuEngine\Src\memcached\ReadWriteBuffer.cpp E:\svn_project\AuEngine\Src\memcached\Socket.cpp
         Matilda.cpp
         MemCacheClient.cpp
         ReadWriteBuffer.cpp
         Socket.cpp
         Generating Code...
         D:\Program Files (x86)\Microsoft Visual Studio 11.0\VC\bin\CL.exe /c /IE:\svn_project\AuEngine\linux\..\Src\memcached /Zi /nologo /W3 /WX- /Od /Ob0 /Oy- /D WIN32 /D _WINDOWS /D _DEBUG /D X64 /D _CRT_SECURE_NO_WARNINGS /D HAVE_CONFIG_H /D "CONFDIR=\"\"" /D "PREFIX=\"\"" /D "CMAKE_INTDIR=\"Debug\"" /D _MBCS /Gm- /EHsc /RTC1 /MDd /GS /fp:precise /Zc:wchar_t /Zc:forScope /GR /Fo"MemCache.dir\Debug\\" /Fd"MemCache.dir\Debug\vc110.pdb" /Gd /TC /analyze- /errorReport:prompt  -bigobj E:\svn_project\AuEngine\Src\memcached\sha1.c
         sha1.c
       Lib:
         D:\Program Files (x86)\Microsoft Visual Studio 11.0\VC\bin\Lib.exe /OUT:"E:\svn_project\AuEngine\linux\build\Memcache\Debug\MemCache.lib" /NOLOGO MemCache.dir\Debug\Matilda.obj
         MemCache.dir\Debug\MemCacheClient.obj
         MemCache.dir\Debug\ReadWriteBuffer.obj
         MemCache.dir\Debug\sha1.obj
         MemCache.dir\Debug\Socket.obj
         MemCache.vcxproj -> E:\svn_project\AuEngine\linux\build\Memcache\Debug\MemCache.lib
       FinalizeBuildStatus:
         Deleting file "MemCache.dir\Debug\MemCache.unsuccessfulbuild".
         Touching "MemCache.dir\Debug\MemCache.lastbuildstate".
     1>Done Building Project "E:\svn_project\AuEngine\linux\build\Memcache\MemCache.vcxproj" (Build target(s)).

Build succeeded.

Time Elapsed 00:00:17.06
