E:\SVN_PROJECT\AUENGINE\BIN\DEBUG\ANALYTICAL_PARAM.OBJ
E:\SVN_PROJECT\AUENGINE\BIN\DEBUG\AULISTENSOCK.OBJ
E:\SVN_PROJECT\AUENGINE\BIN\DEBUG\BASESOCKET.OBJ
E:\svn_project\AuEngine\bin\Debug\cl.command.1.tlog
E:\svn_project\AuEngine\bin\Debug\CL.read.1.tlog
E:\svn_project\AuEngine\bin\Debug\CL.write.1.tlog
E:\SVN_PROJECT\AUENGINE\BIN\DEBUG\COMM_LUA_MODULE.OBJ
E:\SVN_PROJECT\AUENGINE\BIN\DEBUG\CONFIG_MODULE.OBJ
E:\SVN_PROJECT\AUENGINE\BIN\DEBUG\CONFIG_STRUCT.OBJ
E:\SVN_PROJECT\AUENGINE\BIN\DEBUG\CONNSOCKET.OBJ
E:\SVN_PROJECT\AUENGINE\BIN\DEBUG\DOUBLEMSGQUEUE.OBJ
E:\SVN_PROJECT\AUENGINE\BIN\DEBUG\GAMECONSOLE.OBJ
E:\SVN_PROJECT\AUENGINE\BIN\DEBUG\GAMECONSOLETHREAD.OBJ
E:\SVN_PROJECT\AUENGINE\BIN\DEBUG\GDATA.OBJ
E:\SVN_PROJECT\AUENGINE\BIN\DEBUG\LAUNCHER.OBJ
E:\svn_project\AuEngine\bin\Debug\link.command.1.tlog
E:\svn_project\AuEngine\bin\Debug\link.read.1.tlog
E:\svn_project\AuEngine\bin\Debug\link.write.1.tlog
E:\SVN_PROJECT\AUENGINE\BIN\DEBUG\LUA_ENGINE.OBJ
E:\SVN_PROJECT\AUENGINE\BIN\DEBUG\LUA_EXPORT.OBJ
E:\SVN_PROJECT\AUENGINE\BIN\DEBUG\LUA_MODULE.OBJ
E:\SVN_PROJECT\AUENGINE\BIN\DEBUG\LUATHREAD.OBJ
E:\SVN_PROJECT\AUENGINE\BIN\DEBUG\MAIN.OBJ
E:\SVN_PROJECT\AUENGINE\BIN\DEBUG\MEMCACHED_MODULE.OBJ
E:\SVN_PROJECT\AUENGINE\BIN\DEBUG\MEMCACHED_TEST.OBJ
E:\SVN_PROJECT\AUENGINE\BIN\DEBUG\MEMCACHED_THREAD.OBJ
E:\SVN_PROJECT\AUENGINE\BIN\DEBUG\MESSAGE_QUEUE.OBJ
E:\SVN_PROJECT\AUENGINE\BIN\DEBUG\MESSAGECONFIG_READER.OBJ
E:\SVN_PROJECT\AUENGINE\BIN\DEBUG\MODULEBASE.OBJ
E:\SVN_PROJECT\AUENGINE\BIN\DEBUG\MODULEMANAGER.OBJ
E:\SVN_PROJECT\AUENGINE\BIN\DEBUG\MSG_MANAGER.OBJ
E:\SVN_PROJECT\AUENGINE\BIN\DEBUG\MSGPACKAGE.OBJ
E:\SVN_PROJECT\AUENGINE\BIN\DEBUG\MSGPACKAGER.OBJ
E:\SVN_PROJECT\AUENGINE\BIN\DEBUG\MYSQL_MODULE.OBJ
E:\SVN_PROJECT\AUENGINE\BIN\DEBUG\MYSQL_THREAD.OBJ
E:\SVN_PROJECT\AUENGINE\BIN\DEBUG\NETMSG_NEW.OBJ
E:\SVN_PROJECT\AUENGINE\BIN\DEBUG\OPER_MEMBER.OBJ
E:\SVN_PROJECT\AUENGINE\BIN\DEBUG\PACKAGER_INTERFACE.OBJ
E:\SVN_PROJECT\AUENGINE\BIN\DEBUG\PARAM_TYPE_MAP.OBJ
E:\SVN_PROJECT\AUENGINE\BIN\DEBUG\QUEUENLOCK.OBJ
E:\SVN_PROJECT\AUENGINE\BIN\DEBUG\ROBOTS.OBJ
E:\SVN_PROJECT\AUENGINE\BIN\DEBUG\ROBOTTHREAD.OBJ
E:\SVN_PROJECT\AUENGINE\BIN\DEBUG\SENDMODULE.OBJ
E:\SVN_PROJECT\AUENGINE\BIN\DEBUG\SENDTHREAD.OBJ
E:\svn_project\AuEngine\bin\Debug\servercommon.write.1.tlog
E:\SVN_PROJECT\AUENGINE\BIN\DEBUG\SERVERMAP.OBJ
E:\SVN_PROJECT\AUENGINE\BIN\DEBUG\SOCKMGR.OBJ
E:\SVN_PROJECT\AUENGINE\BIN\DEBUG\SOCKMSGNODE.OBJ
E:\SVN_PROJECT\AUENGINE\BIN\DEBUG\TIMEINTERFACE.OBJ
E:\SVN_PROJECT\AUENGINE\BIN\DEBUG\TIMER.OBJ
E:\SVN_PROJECT\AUENGINE\BIN\DEBUG\TIMERINFO.OBJ
E:\SVN_PROJECT\AUENGINE\BIN\DEBUG\TOLUA.OBJ
E:\SVN_PROJECT\AUENGINE\BIN\DEBUG\TOLUA_EVENT.OBJ
E:\SVN_PROJECT\AUENGINE\BIN\DEBUG\TOLUA_IS.OBJ
E:\SVN_PROJECT\AUENGINE\BIN\DEBUG\TOLUA_MAP.OBJ
E:\SVN_PROJECT\AUENGINE\BIN\DEBUG\TOLUA_PUSH.OBJ
E:\SVN_PROJECT\AUENGINE\BIN\DEBUG\TOLUA_TO.OBJ
E:\svn_project\AuEngine\bin\Debug\vc100.idb
E:\SVN_PROJECT\AUENGINE\BIN\DEBUG\VC100.PDB
E:\svn_project\AuEngine\Src\server\../../Res/AuEngine.exe
