生成启动时间为 2015/3/18 星期三 16:18:28。
     1>项目“E:\svn_project\AuEngine\Src\Tinyxml\tinyxml.vcxproj”在节点 4 上(rebuild 个目标)。
     1>_PrepareForClean:
         正在删除文件“../../bin/Debug/TinyXml\tinyxml.lastbuildstate”。
     1>C:\Program Files (x86)\MSBuild\Microsoft.Cpp\v4.0\Microsoft.CppBuild.targets(299,5): warning MSB8004: Output 目录未以斜杠结尾。此生成实例将添加斜杠，因为必须有这个斜杠才能正确计算 Output 目录。
       InitializeBuildStatus:
         正在创建“../../bin/Debug/TinyXml\tinyxml.unsuccessfulbuild”，因为已指定“AlwaysCreate”。
       ClCompile:
         d:\Program Files (x86)\Microsoft Visual Studio 10.0\VC\bin\CL.exe /c /ZI /nologo /W3 /WX- /Od /Oy- /D WIN32 /D _DEBUG /D _LIB /D _VC80_UPGRADE=0x0600 /D _MBCS /Gm /EHsc /RTC1 /MDd /GS /fp:precise /Zc:wchar_t /Zc:forScope /Fo"../../bin/Debug/TinyXml\\" /Fd"../../bin/Debug/TinyXml\vc100.pdb" /Gd /TP /analyze- /errorReport:prompt tinystr.cpp tinyxml.cpp tinyxmlerror.cpp tinyxmlparser.cpp
         tinyxmlparser.cpp
         tinyxmlerror.cpp
         tinyxml.cpp
         tinystr.cpp
         正在生成代码...
       Lib:
         d:\Program Files (x86)\Microsoft Visual Studio 10.0\VC\bin\Lib.exe /OUT:"../../Dep/lib\tinyxml.lib" /NOLOGO ../../bin/Debug/TinyXml\tinystr.obj
         ../../bin/Debug/TinyXml\tinyxml.obj
         ../../bin/Debug/TinyXml\tinyxmlerror.obj
         ../../bin/Debug/TinyXml\tinyxmlparser.obj
         tinyxml.vcxproj -> E:\svn_project\AuEngine\Src\Tinyxml\../../Dep/lib\tinyxml.lib
       FinalizeBuildStatus:
         正在删除文件“../../bin/Debug/TinyXml\tinyxml.unsuccessfulbuild”。
         正在对“../../bin/Debug/TinyXml\tinyxml.lastbuildstate”执行 Touch 任务。
     1>已完成生成项目“E:\svn_project\AuEngine\Src\Tinyxml\tinyxml.vcxproj”(rebuild 个目标)的操作。

生成成功。

已用时间 00:00:01.26
